PRISM
=====

Version: 4.6
Date: Tue Mar 14 21:48:11 GMT 2023
Hostname: compute3.cs.york.ac.uk
Memory limits: cudd=1g, java(heap)=1g
Command line: prism uvc__P_dangerous_C20_badOds_delibret_assertions.prism uvc_assertions.props -const t=6 -const modUVC_ctrlUVC_stm_ref3_N_ticks=20 -const modUVC_ctrlUVC_stm_ref2_p_aware_of_risk=0.01 -const modUVC_ctrlUVC_stm_ref2_p_approach_red=1 -const modUVC_ctrlUVC_stm_ref2_p_approach_yellow=1 -const modUVC_ctrlUVC_stm_ref2_p_approach_robot=1 -const modUVC_ctrlUVC_stm_ref1_p_transition_ratio=0.1 -const modUVC_ctrlUVC_stm_ref0_p_ods_yellow=0.7 -const modUVC_ctrlUVC_stm_ref0_p_ods_green=0.4 -prop P_dangerous_C20_badOds_delibret

Parsing model file "uvc__P_dangerous_C20_badOds_delibret_assertions.prism"...

Type:        DTMC
Modules:     modUVC_ctrlUVC_stm_ref0 BUF_odsTick_18 modUVC_ctrlUVC_stm_ref3 modUVC_ctrlUVC_stm_ref1 BUF_humanTick_17 modUVC_rpUVC BUF_robotTick_19 modUVC_ctrlUVC_stm_ref2 
Variables:   sods srobot shuman modUVC_ctrlUVC_stm_ref0_scpc_8 modUVC_ctrlUVC_stm_ref0_exit_9 modUVC_ctrlUVC_stm_ref0_lock_7 BUF_odsTick_18_f modUVC_ctrlUVC_stm_ref3_ticks modUVC_ctrlUVC_stm_ref3_scpc_8 modUVC_ctrlUVC_stm_ref3_exit_9 modUVC_ctrlUVC_stm_ref3_lock_7 modUVC_ctrlUVC_stm_ref1_scpc_8 modUVC_ctrlUVC_stm_ref1_lock_7 modUVC_ctrlUVC_stm_ref1_exit_9 BUF_humanTick_17_f BUF_robotTick_19_f modUVC_ctrlUVC_stm_ref2_lock_7 modUVC_ctrlUVC_stm_ref2_scpc_8 modUVC_ctrlUVC_stm_ref2_exit_9 

Parsing properties file "uvc_assertions.props"...

13 properties:
(1) "P_deadlock_freedom": (!E [ (F "deadlock") ])
(2) "P_dangerous_C20_badOds_delibret": P=? [ (F (((shuman=SHuman_inRed)&(srobot=SRobot_transitionRow))&(modUVC_ctrlUVC_stm_ref3_ticks=t))) ]
(3) "P_dangerous_C20_badOds_not_aware": P=? [ (F (((shuman=SHuman_inRed)&(srobot=SRobot_transitionRow))&(modUVC_ctrlUVC_stm_ref3_ticks=t))) ]
(4) "P_dangerous_C20_badOds_less_aware": P=? [ (F (((shuman=SHuman_inRed)&(srobot=SRobot_transitionRow))&(modUVC_ctrlUVC_stm_ref3_ticks=t))) ]
(5) "P_dangerous_C20_badOds_aware": P=? [ (F (((shuman=SHuman_inRed)&(srobot=SRobot_transitionRow))&(modUVC_ctrlUVC_stm_ref3_ticks=t))) ]
(6) "P_dangerous_C20_goodOds_delibrate": P=? [ (F (((shuman=SHuman_inRed)&(srobot=SRobot_transitionRow))&(modUVC_ctrlUVC_stm_ref3_ticks=t))) ]
(7) "P_dangerous_C20_goodOds_not_aware": P=? [ (F (((shuman=SHuman_inRed)&(srobot=SRobot_transitionRow))&(modUVC_ctrlUVC_stm_ref3_ticks=t))) ]
(8) "P_dangerous_C20_goodOds_lessAware": P=? [ (F (((shuman=SHuman_inRed)&(srobot=SRobot_transitionRow))&(modUVC_ctrlUVC_stm_ref3_ticks=t))) ]
(9) "P_dangerous_C20_goodOds_Aware": P=? [ (F (((shuman=SHuman_inRed)&(srobot=SRobot_transitionRow))&(modUVC_ctrlUVC_stm_ref3_ticks=t))) ]
(10) "P_dangerous_C20_noOds_delibrate": P=? [ (F (((shuman=SHuman_inRed)&(srobot=SRobot_transitionRow))&(modUVC_ctrlUVC_stm_ref3_ticks=t))) ]
(11) "P_dangerous_C20_noOds_not_aware": P=? [ (F (((shuman=SHuman_inRed)&(srobot=SRobot_transitionRow))&(modUVC_ctrlUVC_stm_ref3_ticks=t))) ]
(12) "P_dangerous_C20_noOds_less_aware": P=? [ (F (((shuman=SHuman_inRed)&(srobot=SRobot_transitionRow))&(modUVC_ctrlUVC_stm_ref3_ticks=t))) ]
(13) "P_dangerous_C20_noOds_aware": P=? [ (F (((shuman=SHuman_inRed)&(srobot=SRobot_transitionRow))&(modUVC_ctrlUVC_stm_ref3_ticks=t))) ]

---------------------------------------------------------------------

Model checking: "P_dangerous_C20_badOds_delibret": P=? [ (F (((shuman=SHuman_inRed)&(srobot=SRobot_transitionRow))&(modUVC_ctrlUVC_stm_ref3_ticks=t))) ]
Model constants: modUVC_ctrlUVC_stm_ref0_p_ods_green=0.4,modUVC_ctrlUVC_stm_ref0_p_ods_yellow=0.7,modUVC_ctrlUVC_stm_ref1_p_transition_ratio=0.1,modUVC_ctrlUVC_stm_ref2_p_approach_red=1,modUVC_ctrlUVC_stm_ref2_p_approach_robot=1,modUVC_ctrlUVC_stm_ref2_p_approach_yellow=1,modUVC_ctrlUVC_stm_ref2_p_aware_of_risk=0.01,modUVC_ctrlUVC_stm_ref3_N_ticks=20
Property constants: t=6

Building model...
Model constants: modUVC_ctrlUVC_stm_ref0_p_ods_green=0.4,modUVC_ctrlUVC_stm_ref0_p_ods_yellow=0.7,modUVC_ctrlUVC_stm_ref1_p_transition_ratio=0.1,modUVC_ctrlUVC_stm_ref2_p_approach_red=1,modUVC_ctrlUVC_stm_ref2_p_approach_robot=1,modUVC_ctrlUVC_stm_ref2_p_approach_yellow=1,modUVC_ctrlUVC_stm_ref2_p_aware_of_risk=0.01,modUVC_ctrlUVC_stm_ref3_N_ticks=20

Warning: Update 2 of command 5 of module "modUVC_ctrlUVC_stm_ref2" doesn't do anything (line 284, column 243)

Warning: Update 1 of command 11 of module "modUVC_ctrlUVC_stm_ref2" doesn't do anything (line 298, column 116)

Warning: Update 2 of command 13 of module "modUVC_ctrlUVC_stm_ref2" doesn't do anything (line 304, column 240)

Computing reachable states...

Reachability (BFS): 184 iterations in 27.43 seconds (average 0.149065, setup 0.00)

Time for model construction: 41.777 seconds.

Type:        DTMC
States:      1632982 (1 initial)
Transitions: 6433106

Transition matrix: 176922 nodes (25 terminal), 6433106 minterms, vars: 52r/52c

Prob0: 61 iterations in 3.10 seconds (average 0.050836, setup 0.00)

Prob1: 21 iterations in 3.21 seconds (average 0.152952, setup 0.00)

yes = 8700, no = 1445827, maybe = 178455

Computing remaining probabilities...
Engine: Hybrid

Building hybrid MTBDD matrix... [levels=52, nodes=190536] [8.7 MB]
Adding explicit sparse matrices... [levels=27, num=4770, compact] [592.7 KB]
Creating vector for diagonals... [dist=1, compact] [3.1 MB]
Creating vector for RHS... [dist=2, compact] [3.1 MB]
Allocating iteration vectors... [2 x 12.5 MB]
TOTAL: [40.4 MB]

Starting iterations...
Iteration 38: max relative diff=1.000000, 5.46 sec so far
Iteration 49: max relative diff=1.000000, 10.61 sec so far
Iteration 102: max relative diff=0.000462, 15.62 sec so far

Jacobi: 111 iterations in 35.12 seconds (average 0.143613, setup 19.18)

Value in the initial state: 0.033105812520844304

Time for model checking: 44.735 seconds.

Result: 0.033105812520844304 (value in the initial state)

---------------------------------------------------------------------

Note: There were 3 warnings during computation.

