PRISM
=====

Version: 4.6
Date: Tue Mar 14 21:48:13 GMT 2023
Hostname: compute3.cs.york.ac.uk
Memory limits: cudd=1g, java(heap)=1g
Command line: prism uvc__P_dangerous_C20_goodOds_not_aware_assertions.prism uvc_assertions.props -const t=11 -const modUVC_ctrlUVC_stm_ref3_N_ticks=20 -const modUVC_ctrlUVC_stm_ref2_p_aware_of_risk=0.01 -const modUVC_ctrlUVC_stm_ref2_p_approach_red=0.7 -const modUVC_ctrlUVC_stm_ref2_p_approach_yellow=0.9 -const modUVC_ctrlUVC_stm_ref2_p_approach_robot=0.9 -const modUVC_ctrlUVC_stm_ref1_p_transition_ratio=0.1 -const modUVC_ctrlUVC_stm_ref0_p_ods_green=0.65 -const modUVC_ctrlUVC_stm_ref0_p_ods_yellow=0.95 -prop P_dangerous_C20_goodOds_not_aware

Parsing model file "uvc__P_dangerous_C20_goodOds_not_aware_assertions.prism"...

Type:        DTMC
Modules:     modUVC_ctrlUVC_stm_ref0 BUF_odsTick_18 modUVC_ctrlUVC_stm_ref3 modUVC_ctrlUVC_stm_ref1 BUF_humanTick_17 modUVC_rpUVC BUF_robotTick_19 modUVC_ctrlUVC_stm_ref2 
Variables:   sods srobot shuman modUVC_ctrlUVC_stm_ref0_scpc_8 modUVC_ctrlUVC_stm_ref0_exit_9 modUVC_ctrlUVC_stm_ref0_lock_7 BUF_odsTick_18_f modUVC_ctrlUVC_stm_ref3_ticks modUVC_ctrlUVC_stm_ref3_scpc_8 modUVC_ctrlUVC_stm_ref3_exit_9 modUVC_ctrlUVC_stm_ref3_lock_7 modUVC_ctrlUVC_stm_ref1_scpc_8 modUVC_ctrlUVC_stm_ref1_lock_7 modUVC_ctrlUVC_stm_ref1_exit_9 BUF_humanTick_17_f BUF_robotTick_19_f modUVC_ctrlUVC_stm_ref2_lock_7 modUVC_ctrlUVC_stm_ref2_scpc_8 modUVC_ctrlUVC_stm_ref2_exit_9 

Parsing properties file "uvc_assertions.props"...

13 properties:
(1) "P_deadlock_freedom": (!E [ (F "deadlock") ])
(2) "P_dangerous_C20_badOds_delibret": P=? [ (F (((shuman=SHuman_inRed)&(srobot=SRobot_transitionRow))&(modUVC_ctrlUVC_stm_ref3_ticks=t))) ]
(3) "P_dangerous_C20_badOds_not_aware": P=? [ (F (((shuman=SHuman_inRed)&(srobot=SRobot_transitionRow))&(modUVC_ctrlUVC_stm_ref3_ticks=t))) ]
(4) "P_dangerous_C20_badOds_less_aware": P=? [ (F (((shuman=SHuman_inRed)&(srobot=SRobot_transitionRow))&(modUVC_ctrlUVC_stm_ref3_ticks=t))) ]
(5) "P_dangerous_C20_badOds_aware": P=? [ (F (((shuman=SHuman_inRed)&(srobot=SRobot_transitionRow))&(modUVC_ctrlUVC_stm_ref3_ticks=t))) ]
(6) "P_dangerous_C20_goodOds_delibrate": P=? [ (F (((shuman=SHuman_inRed)&(srobot=SRobot_transitionRow))&(modUVC_ctrlUVC_stm_ref3_ticks=t))) ]
(7) "P_dangerous_C20_goodOds_not_aware": P=? [ (F (((shuman=SHuman_inRed)&(srobot=SRobot_transitionRow))&(modUVC_ctrlUVC_stm_ref3_ticks=t))) ]
(8) "P_dangerous_C20_goodOds_lessAware": P=? [ (F (((shuman=SHuman_inRed)&(srobot=SRobot_transitionRow))&(modUVC_ctrlUVC_stm_ref3_ticks=t))) ]
(9) "P_dangerous_C20_goodOds_Aware": P=? [ (F (((shuman=SHuman_inRed)&(srobot=SRobot_transitionRow))&(modUVC_ctrlUVC_stm_ref3_ticks=t))) ]
(10) "P_dangerous_C20_noOds_delibrate": P=? [ (F (((shuman=SHuman_inRed)&(srobot=SRobot_transitionRow))&(modUVC_ctrlUVC_stm_ref3_ticks=t))) ]
(11) "P_dangerous_C20_noOds_not_aware": P=? [ (F (((shuman=SHuman_inRed)&(srobot=SRobot_transitionRow))&(modUVC_ctrlUVC_stm_ref3_ticks=t))) ]
(12) "P_dangerous_C20_noOds_less_aware": P=? [ (F (((shuman=SHuman_inRed)&(srobot=SRobot_transitionRow))&(modUVC_ctrlUVC_stm_ref3_ticks=t))) ]
(13) "P_dangerous_C20_noOds_aware": P=? [ (F (((shuman=SHuman_inRed)&(srobot=SRobot_transitionRow))&(modUVC_ctrlUVC_stm_ref3_ticks=t))) ]

---------------------------------------------------------------------

Model checking: "P_dangerous_C20_goodOds_not_aware": P=? [ (F (((shuman=SHuman_inRed)&(srobot=SRobot_transitionRow))&(modUVC_ctrlUVC_stm_ref3_ticks=t))) ]
Model constants: modUVC_ctrlUVC_stm_ref0_p_ods_green=0.65,modUVC_ctrlUVC_stm_ref0_p_ods_yellow=0.95,modUVC_ctrlUVC_stm_ref1_p_transition_ratio=0.1,modUVC_ctrlUVC_stm_ref2_p_approach_red=0.7,modUVC_ctrlUVC_stm_ref2_p_approach_robot=0.9,modUVC_ctrlUVC_stm_ref2_p_approach_yellow=0.9,modUVC_ctrlUVC_stm_ref2_p_aware_of_risk=0.01,modUVC_ctrlUVC_stm_ref3_N_ticks=20
Property constants: t=11

Building model...
Model constants: modUVC_ctrlUVC_stm_ref0_p_ods_green=0.65,modUVC_ctrlUVC_stm_ref0_p_ods_yellow=0.95,modUVC_ctrlUVC_stm_ref1_p_transition_ratio=0.1,modUVC_ctrlUVC_stm_ref2_p_approach_red=0.7,modUVC_ctrlUVC_stm_ref2_p_approach_robot=0.9,modUVC_ctrlUVC_stm_ref2_p_approach_yellow=0.9,modUVC_ctrlUVC_stm_ref2_p_aware_of_risk=0.01,modUVC_ctrlUVC_stm_ref3_N_ticks=20

Computing reachable states...

Reachability (BFS): 174 iterations in 28.57 seconds (average 0.164167, setup 0.00)

Time for model construction: 47.665 seconds.

Type:        DTMC
States:      2315432 (1 initial)
Transitions: 9644662

Transition matrix: 176654 nodes (33 terminal), 9644662 minterms, vars: 52r/52c

Prob0: 84 iterations in 12.16 seconds (average 0.144821, setup 0.00)

Prob1: 59 iterations in 8.39 seconds (average 0.142136, setup 0.00)

yes = 10989, no = 1364442, maybe = 940001

Computing remaining probabilities...
Engine: Hybrid

Building hybrid MTBDD matrix... [levels=52, nodes=378154] [17.3 MB]
Adding explicit sparse matrices... [levels=21, num=7843, compact] [992.1 KB]
Creating vector for diagonals... [dist=1, compact] [4.4 MB]
Creating vector for RHS... [dist=2, compact] [4.4 MB]
Allocating iteration vectors... [2 x 17.7 MB]
TOTAL: [62.4 MB]

Starting iterations...
Iteration 29: max relative diff=1.000000, 5.73 sec so far
Iteration 88: max relative diff=0.948035, 10.78 sec so far
Iteration 166: max relative diff=0.000146, 15.80 sec so far

Jacobi: 177 iterations in 177.06 seconds (average 0.093356, setup 160.53)

Value in the initial state: 0.006539075418404568

Time for model checking: 205.928 seconds.

Result: 0.006539075418404568 (value in the initial state)

